# JRE version: Java(TM) SE Runtime Environment (17.0.2+8) (build 17.0.2+8-LTS-86)
# Java VM: Java HotSpot(TM) 64-Bit Server VM (17.0.2+8-LTS-86, mixed mode, sharing, tiered, compressed oops, compressed class ptrs, g1 gc, windows-amd64)
GC Precious Log:
 CPUs: 4 total, 4 available
 Memory: 3919M
 Large Page Support: Disabled
 NUMA Support: Disabled
 Compressed Oops: Enabled (32-bit)
 Heap Region Size: 1M
 Heap Min Capacity: 8M
 Heap Initial Capacity: 62M
 Heap Max Capacity: 980M
 Pre-touch: Disabled
 Parallel Workers: 4
 Concurrent Workers: 1
 Concurrent Refinement Workers: 4
 Periodic GC: Disabled
Heap:
 garbage-first heap   total 118784K, used 63685K [0x00000000c2c00000, 0x0000000100000000)
  region size 1024K, 30 young (30720K), 7 survivors (7168K)
 Metaspace       used 31000K, committed 31360K, reserved 1081344K
  class space    used 3403K, committed 3584K, reserved 1048576K
GC Heap History (20 events):
Event: 9.289 GC heap before
{Heap before GC invocations=12 (full 0):
 garbage-first heap   total 92160K, used 69492K [0x00000000c2c00000, 0x0000000100000000)
  region size 1024K, 47 young (48128K), 2 survivors (2048K)
 Metaspace       used 25582K, committed 25856K, reserved 1073152K
  class space    used 2854K, committed 3008K, reserved 1048576K
}
Event: 9.306 GC heap after
{Heap after GC invocations=13 (full 0):
 garbage-first heap   total 92160K, used 30243K [0x00000000c2c00000, 0x0000000100000000)
  region size 1024K, 7 young (7168K), 7 survivors (7168K)
 Metaspace       used 25582K, committed 25856K, reserved 1073152K
  class space    used 2854K, committed 3008K, reserved 1048576K
}
Event: 9.753 GC heap before
{Heap before GC invocations=13 (full 0):
 garbage-first heap   total 92160K, used 60963K [0x00000000c2c00000, 0x0000000100000000)
  region size 1024K, 37 young (37888K), 7 survivors (7168K)
 Metaspace       used 26260K, committed 26624K, reserved 1073152K
  class space    used 2927K, committed 3136K, reserved 1048576K
}
Event: 9.768 GC heap after
{Heap after GC invocations=14 (full 0):
 garbage-first heap   total 92160K, used 31144K [0x00000000c2c00000, 0x0000000100000000)
  region size 1024K, 1 young (1024K), 1 survivors (1024K)
 Metaspace       used 26260K, committed 26624K, reserved 1073152K
  class space    used 2927K, committed 3136K, reserved 1048576K
}
Event: 9.956 GC heap before
{Heap before GC invocations=14 (full 0):
 garbage-first heap   total 92160K, used 63912K [0x00000000c2c00000, 0x0000000100000000)
  region size 1024K, 33 young (33792K), 1 survivors (1024K)
 Metaspace       used 26447K, committed 26752K, reserved 1073152K
  class space    used 2938K, committed 3136K, reserved 1048576K
}
Event: 9.960 GC heap after
{Heap after GC invocations=15 (full 0):
 garbage-first heap   total 92160K, used 31312K [0x00000000c2c00000, 0x0000000100000000)
  region size 1024K, 2 young (2048K), 2 survivors (2048K)
 Metaspace       used 26447K, committed 26752K, reserved 1073152K
  class space    used 2938K, committed 3136K, reserved 1048576K
}
Event: 10.104 GC heap before
{Heap before GC invocations=15 (full 0):
 garbage-first heap   total 92160K, used 66128K [0x00000000c2c00000, 0x0000000100000000)
  region size 1024K, 36 young (36864K), 2 survivors (2048K)
 Metaspace       used 26533K, committed 26944K, reserved 1073152K
  class space    used 2940K, committed 3136K, reserved 1048576K
}
Event: 10.110 GC heap after
{Heap after GC invocations=16 (full 0):
 garbage-first heap   total 92160K, used 31977K [0x00000000c2c00000, 0x0000000100000000)
  region size 1024K, 2 young (2048K), 2 survivors (2048K)
 Metaspace       used 26533K, committed 26944K, reserved 1073152K
  class space    used 2940K, committed 3136K, reserved 1048576K
}
Event: 10.252 GC heap before
{Heap before GC invocations=16 (full 0):
 garbage-first heap   total 92160K, used 68841K [0x00000000c2c00000, 0x0000000100000000)
  region size 1024K, 38 young (38912K), 2 survivors (2048K)
 Metaspace       used 26601K, committed 27008K, reserved 1073152K
  class space    used 2942K, committed 3136K, reserved 1048576K
}
Event: 10.259 GC heap after
{Heap after GC invocations=17 (full 0):
 garbage-first heap   total 92160K, used 32611K [0x00000000c2c00000, 0x0000000100000000)
  region size 1024K, 3 young (3072K), 3 survivors (3072K)
 Metaspace       used 26601K, committed 27008K, reserved 1073152K
  class space    used 2942K, committed 3136K, reserved 1048576K
}
Event: 10.397 GC heap before
{Heap before GC invocations=17 (full 0):
 garbage-first heap   total 92160K, used 70499K [0x00000000c2c00000, 0x0000000100000000)
  region size 1024K, 40 young (40960K), 3 survivors (3072K)
 Metaspace       used 26645K, committed 27008K, reserved 1073152K
  class space    used 2943K, committed 3136K, reserved 1048576K
}
Event: 10.408 GC heap after
{Heap after GC invocations=18 (full 0):
 garbage-first heap   total 118784K, used 33400K [0x00000000c2c00000, 0x0000000100000000)
  region size 1024K, 4 young (4096K), 4 survivors (4096K)
 Metaspace       used 26645K, committed 27008K, reserved 1073152K
  class space    used 2943K, committed 3136K, reserved 1048576K
}
Event: 10.659 GC heap before
{Heap before GC invocations=18 (full 0):
 garbage-first heap   total 118784K, used 92792K [0x00000000c2c00000, 0x0000000100000000)
  region size 1024K, 62 young (63488K), 4 survivors (4096K)
 Metaspace       used 26679K, committed 27008K, reserved 1073152K
  class space    used 2943K, committed 3136K, reserved 1048576K
}
Event: 10.672 GC heap after
{Heap after GC invocations=19 (full 0):
 garbage-first heap   total 118784K, used 34216K [0x00000000c2c00000, 0x0000000100000000)
  region size 1024K, 4 young (4096K), 4 survivors (4096K)
 Metaspace       used 26679K, committed 27008K, reserved 1073152K
  class space    used 2943K, committed 3136K, reserved 1048576K
}
Event: 11.141 GC heap before
{Heap before GC invocations=19 (full 0):
 garbage-first heap   total 118784K, used 95656K [0x00000000c2c00000, 0x0000000100000000)
  region size 1024K, 64 young (65536K), 4 survivors (4096K)
 Metaspace       used 26837K, committed 27200K, reserved 1081344K
  class space    used 2945K, committed 3136K, reserved 1048576K
}
Event: 11.157 GC heap after
{Heap after GC invocations=20 (full 0):
 garbage-first heap   total 118784K, used 34939K [0x00000000c2c00000, 0x0000000100000000)
  region size 1024K, 5 young (5120K), 5 survivors (5120K)
 Metaspace       used 26837K, committed 27200K, reserved 1081344K
  class space    used 2945K, committed 3136K, reserved 1048576K
}
Event: 12.752 GC heap before
{Heap before GC invocations=20 (full 0):
 garbage-first heap   total 118784K, used 99451K [0x00000000c2c00000, 0x0000000100000000)
  region size 1024K, 66 young (67584K), 5 survivors (5120K)
 Metaspace       used 29126K, committed 29568K, reserved 1081344K
  class space    used 3173K, committed 3392K, reserved 1048576K
}
Event: 12.776 GC heap after
{Heap after GC invocations=21 (full 0):
 garbage-first heap   total 118784K, used 38147K [0x00000000c2c00000, 0x0000000100000000)
  region size 1024K, 7 young (7168K), 7 survivors (7168K)
 Metaspace       used 29126K, committed 29568K, reserved 1081344K
  class space    used 3173K, committed 3392K, reserved 1048576K
}
Event: 13.953 GC heap before
{Heap before GC invocations=21 (full 0):
 garbage-first heap   total 118784K, used 97539K [0x00000000c2c00000, 0x0000000100000000)
  region size 1024K, 65 young (66560K), 7 survivors (7168K)
 Metaspace       used 29686K, committed 30016K, reserved 1081344K
  class space    used 3197K, committed 3392K, reserved 1048576K
}
Event: 13.978 GC heap after
{Heap after GC invocations=22 (full 0):
 garbage-first heap   total 118784K, used 39109K [0x00000000c2c00000, 0x0000000100000000)
  region size 1024K, 7 young (7168K), 7 survivors (7168K)
 Metaspace       used 29686K, committed 30016K, reserved 1081344K
  class space    used 3197K, committed 3392K, reserved 1048576K
}

