# JRE version: Java(TM) SE Runtime Environment (17.0.2+8) (build 17.0.2+8-LTS-86)
# Java VM: Java HotSpot(TM) 64-Bit Server VM (17.0.2+8-LTS-86, mixed mode, sharing, tiered, compressed oops, compressed class ptrs, g1 gc, windows-amd64)
GC Precious Log:
 CPUs: 4 total, 4 available
 Memory: 3919M
 Large Page Support: Disabled
 NUMA Support: Disabled
 Compressed Oops: Enabled (32-bit)
 Heap Region Size: 1M
 Heap Min Capacity: 8M
 Heap Initial Capacity: 62M
 Heap Max Capacity: 980M
 Pre-touch: Disabled
 Parallel Workers: 4
 Concurrent Workers: 1
 Concurrent Refinement Workers: 4
 Periodic GC: Disabled
Heap:
 garbage-first heap   total 133120K, used 69455K [0x00000000c2c00000, 0x0000000100000000)
  region size 1024K, 4 young (4096K), 2 survivors (2048K)
 Metaspace       used 18361K, committed 18688K, reserved 1073152K
  class space    used 2639K, committed 2816K, reserved 1048576K
GC Heap History (20 events):
Event: 2.304 GC heap before
{Heap before GC invocations=11 (full 0):
 garbage-first heap   total 70656K, used 39854K [0x00000000c2c00000, 0x0000000100000000)
  region size 1024K, 2 young (2048K), 1 survivors (1024K)
 Metaspace       used 10362K, committed 10624K, reserved 1064960K
  class space    used 1389K, committed 1536K, reserved 1048576K
}
Event: 2.305 GC heap after
{Heap after GC invocations=12 (full 0):
 garbage-first heap   total 70656K, used 38851K [0x00000000c2c00000, 0x0000000100000000)
  region size 1024K, 1 young (1024K), 1 survivors (1024K)
 Metaspace       used 10362K, committed 10624K, reserved 1064960K
  class space    used 1389K, committed 1536K, reserved 1048576K
}
Event: 2.337 GC heap before
{Heap before GC invocations=13 (full 0):
 garbage-first heap   total 73728K, used 42947K [0x00000000c2c00000, 0x0000000100000000)
  region size 1024K, 2 young (2048K), 1 survivors (1024K)
 Metaspace       used 10368K, committed 10624K, reserved 1064960K
  class space    used 1390K, committed 1536K, reserved 1048576K
}
Event: 2.339 GC heap after
{Heap after GC invocations=14 (full 0):
 garbage-first heap   total 73728K, used 41934K [0x00000000c2c00000, 0x0000000100000000)
  region size 1024K, 1 young (1024K), 1 survivors (1024K)
 Metaspace       used 10368K, committed 10624K, reserved 1064960K
  class space    used 1390K, committed 1536K, reserved 1048576K
}
Event: 2.513 GC heap before
{Heap before GC invocations=15 (full 0):
 garbage-first heap   total 76800K, used 47054K [0x00000000c2c00000, 0x0000000100000000)
  region size 1024K, 5 young (5120K), 1 survivors (1024K)
 Metaspace       used 10636K, committed 10880K, reserved 1064960K
  class space    used 1420K, committed 1536K, reserved 1048576K
}
Event: 2.515 GC heap after
{Heap after GC invocations=16 (full 0):
 garbage-first heap   total 76800K, used 43536K [0x00000000c2c00000, 0x0000000100000000)
  region size 1024K, 1 young (1024K), 1 survivors (1024K)
 Metaspace       used 10636K, committed 10880K, reserved 1064960K
  class space    used 1420K, committed 1536K, reserved 1048576K
}
Event: 2.542 GC heap before
{Heap before GC invocations=17 (full 0):
 garbage-first heap   total 81920K, used 47632K [0x00000000c2c00000, 0x0000000100000000)
  region size 1024K, 2 young (2048K), 1 survivors (1024K)
 Metaspace       used 10637K, committed 10880K, reserved 1064960K
  class space    used 1420K, committed 1536K, reserved 1048576K
}
Event: 2.544 GC heap after
{Heap after GC invocations=18 (full 0):
 garbage-first heap   total 81920K, used 46661K [0x00000000c2c00000, 0x0000000100000000)
  region size 1024K, 1 young (1024K), 1 survivors (1024K)
 Metaspace       used 10637K, committed 10880K, reserved 1064960K
  class space    used 1420K, committed 1536K, reserved 1048576K
}
Event: 2.574 GC heap before
{Heap before GC invocations=19 (full 0):
 garbage-first heap   total 86016K, used 51781K [0x00000000c2c00000, 0x0000000100000000)
  region size 1024K, 2 young (2048K), 1 survivors (1024K)
 Metaspace       used 10669K, committed 10880K, reserved 1064960K
  class space    used 1421K, committed 1536K, reserved 1048576K
}
Event: 2.576 GC heap after
{Heap after GC invocations=20 (full 0):
 garbage-first heap   total 86016K, used 49781K [0x00000000c2c00000, 0x0000000100000000)
  region size 1024K, 1 young (1024K), 1 survivors (1024K)
 Metaspace       used 10669K, committed 10880K, reserved 1064960K
  class space    used 1421K, committed 1536K, reserved 1048576K
}
Event: 2.602 GC heap before
{Heap before GC invocations=21 (full 0):
 garbage-first heap   total 92160K, used 53877K [0x00000000c2c00000, 0x0000000100000000)
  region size 1024K, 2 young (2048K), 1 survivors (1024K)
 Metaspace       used 10682K, committed 11008K, reserved 1064960K
  class space    used 1422K, committed 1600K, reserved 1048576K
}
Event: 2.605 GC heap after
{Heap after GC invocations=22 (full 0):
 garbage-first heap   total 133120K, used 52822K [0x00000000c2c00000, 0x0000000100000000)
  region size 1024K, 1 young (1024K), 1 survivors (1024K)
 Metaspace       used 10682K, committed 11008K, reserved 1064960K
  class space    used 1422K, committed 1600K, reserved 1048576K
}
Event: 4.222 GC heap before
{Heap before GC invocations=22 (full 0):
 garbage-first heap   total 133120K, used 100950K [0x00000000c2c00000, 0x0000000100000000)
  region size 1024K, 42 young (43008K), 1 survivors (1024K)
 Metaspace       used 16642K, committed 16832K, reserved 1064960K
  class space    used 2472K, committed 2560K, reserved 1048576K
}
Event: 4.243 GC heap after
{Heap after GC invocations=23 (full 0):
 garbage-first heap   total 133120K, used 65129K [0x00000000c2c00000, 0x0000000100000000)
  region size 1024K, 8 young (8192K), 8 survivors (8192K)
 Metaspace       used 16642K, committed 16832K, reserved 1064960K
  class space    used 2472K, committed 2560K, reserved 1048576K
}
Event: 4.665 GC heap before
{Heap before GC invocations=23 (full 0):
 garbage-first heap   total 133120K, used 73321K [0x00000000c2c00000, 0x0000000100000000)
  region size 1024K, 15 young (15360K), 8 survivors (8192K)
 Metaspace       used 17974K, committed 18304K, reserved 1064960K
  class space    used 2626K, committed 2816K, reserved 1048576K
}
Event: 4.680 GC heap after
{Heap after GC invocations=24 (full 0):
 garbage-first heap   total 133120K, used 66846K [0x00000000c2c00000, 0x0000000100000000)
  region size 1024K, 2 young (2048K), 2 survivors (2048K)
 Metaspace       used 17974K, committed 18304K, reserved 1064960K
  class space    used 2626K, committed 2816K, reserved 1048576K
}
Event: 4.850 GC heap before
{Heap before GC invocations=25 (full 0):
 garbage-first heap   total 133120K, used 69918K [0x00000000c2c00000, 0x0000000100000000)
  region size 1024K, 4 young (4096K), 2 survivors (2048K)
 Metaspace       used 18097K, committed 18432K, reserved 1073152K
  class space    used 2633K, committed 2816K, reserved 1048576K
}
Event: 4.853 GC heap after
{Heap after GC invocations=26 (full 0):
 garbage-first heap   total 133120K, used 66580K [0x00000000c2c00000, 0x0000000100000000)
  region size 1024K, 2 young (2048K), 2 survivors (2048K)
 Metaspace       used 18097K, committed 18432K, reserved 1073152K
  class space    used 2633K, committed 2816K, reserved 1048576K
}
Event: 5.093 GC heap before
{Heap before GC invocations=27 (full 0):
 garbage-first heap   total 133120K, used 69652K [0x00000000c2c00000, 0x0000000100000000)
  region size 1024K, 4 young (4096K), 2 survivors (2048K)
 Metaspace       used 18301K, committed 18624K, reserved 1073152K
  class space    used 2638K, committed 2816K, reserved 1048576K
}
Event: 5.096 GC heap after
{Heap after GC invocations=28 (full 0):
 garbage-first heap   total 133120K, used 66383K [0x00000000c2c00000, 0x0000000100000000)
  region size 1024K, 2 young (2048K), 2 survivors (2048K)
 Metaspace       used 18301K, committed 18624K, reserved 1073152K
  class space    used 2638K, committed 2816K, reserved 1048576K
}

