# JRE version: Java(TM) SE Runtime Environment (17.0.2+8) (build 17.0.2+8-LTS-86)
# Java VM: Java HotSpot(TM) 64-Bit Server VM (17.0.2+8-LTS-86, mixed mode, sharing, tiered, compressed oops, compressed class ptrs, g1 gc, windows-amd64)
GC Precious Log:
 CPUs: 4 total, 4 available
 Memory: 3919M
 Large Page Support: Disabled
 NUMA Support: Disabled
 Compressed Oops: Enabled (32-bit)
 Heap Region Size: 1M
 Heap Min Capacity: 8M
 Heap Initial Capacity: 62M
 Heap Max Capacity: 980M
 Pre-touch: Disabled
 Parallel Workers: 4
 Concurrent Workers: 1
 Concurrent Refinement Workers: 4
 Periodic GC: Disabled
Heap:
 garbage-first heap   total 114688K, used 87348K [0x00000000c2c00000, 0x0000000100000000)
  region size 1024K, 19 young (19456K), 1 survivors (1024K)
 Metaspace       used 19925K, committed 20224K, reserved 1073152K
  class space    used 2771K, committed 2944K, reserved 1048576K
GC Heap History (20 events):
Event: 2.242 GC heap before
{Heap before GC invocations=11 (full 0):
 garbage-first heap   total 66560K, used 40693K [0x00000000c2c00000, 0x0000000100000000)
  region size 1024K, 5 young (5120K), 1 survivors (1024K)
 Metaspace       used 10335K, committed 10560K, reserved 1064960K
  class space    used 1386K, committed 1536K, reserved 1048576K
}
Event: 2.244 GC heap after
{Heap after GC invocations=12 (full 0):
 garbage-first heap   total 66560K, used 36814K [0x00000000c2c00000, 0x0000000100000000)
  region size 1024K, 1 young (1024K), 1 survivors (1024K)
 Metaspace       used 10335K, committed 10560K, reserved 1064960K
  class space    used 1386K, committed 1536K, reserved 1048576K
}
Event: 2.276 GC heap before
{Heap before GC invocations=13 (full 0):
 garbage-first heap   total 70656K, used 40910K [0x00000000c2c00000, 0x0000000100000000)
  region size 1024K, 2 young (2048K), 1 survivors (1024K)
 Metaspace       used 10359K, committed 10624K, reserved 1064960K
  class space    used 1390K, committed 1536K, reserved 1048576K
}
Event: 2.278 GC heap after
{Heap after GC invocations=14 (full 0):
 garbage-first heap   total 70656K, used 39914K [0x00000000c2c00000, 0x0000000100000000)
  region size 1024K, 1 young (1024K), 1 survivors (1024K)
 Metaspace       used 10359K, committed 10624K, reserved 1064960K
  class space    used 1390K, committed 1536K, reserved 1048576K
}
Event: 2.463 GC heap before
{Heap before GC invocations=15 (full 0):
 garbage-first heap   total 75776K, used 48106K [0x00000000c2c00000, 0x0000000100000000)
  region size 1024K, 5 young (5120K), 1 survivors (1024K)
 Metaspace       used 10642K, committed 10880K, reserved 1064960K
  class space    used 1419K, committed 1536K, reserved 1048576K
}
Event: 2.465 GC heap after
{Heap after GC invocations=16 (full 0):
 garbage-first heap   total 75776K, used 43599K [0x00000000c2c00000, 0x0000000100000000)
  region size 1024K, 1 young (1024K), 1 survivors (1024K)
 Metaspace       used 10642K, committed 10880K, reserved 1064960K
  class space    used 1419K, committed 1536K, reserved 1048576K
}
Event: 2.493 GC heap before
{Heap before GC invocations=17 (full 0):
 garbage-first heap   total 81920K, used 49743K [0x00000000c2c00000, 0x0000000100000000)
  region size 1024K, 2 young (2048K), 1 survivors (1024K)
 Metaspace       used 10658K, committed 10880K, reserved 1064960K
  class space    used 1420K, committed 1536K, reserved 1048576K
}
Event: 2.495 GC heap after
{Heap after GC invocations=18 (full 0):
 garbage-first heap   total 81920K, used 47755K [0x00000000c2c00000, 0x0000000100000000)
  region size 1024K, 1 young (1024K), 1 survivors (1024K)
 Metaspace       used 10658K, committed 10880K, reserved 1064960K
  class space    used 1420K, committed 1536K, reserved 1048576K
}
Event: 2.523 GC heap before
{Heap before GC invocations=19 (full 0):
 garbage-first heap   total 87040K, used 51851K [0x00000000c2c00000, 0x0000000100000000)
  region size 1024K, 2 young (2048K), 1 survivors (1024K)
 Metaspace       used 10663K, committed 10880K, reserved 1064960K
  class space    used 1420K, committed 1536K, reserved 1048576K
}
Event: 2.526 GC heap after
{Heap after GC invocations=20 (full 0):
 garbage-first heap   total 104448K, used 50803K [0x00000000c2c00000, 0x0000000100000000)
  region size 1024K, 1 young (1024K), 1 survivors (1024K)
 Metaspace       used 10663K, committed 10880K, reserved 1064960K
  class space    used 1420K, committed 1536K, reserved 1048576K
}
Event: 2.555 GC heap before
{Heap before GC invocations=21 (full 0):
 garbage-first heap   total 104448K, used 56947K [0x00000000c2c00000, 0x0000000100000000)
  region size 1024K, 2 young (2048K), 1 survivors (1024K)
 Metaspace       used 10677K, committed 11008K, reserved 1064960K
  class space    used 1421K, committed 1600K, reserved 1048576K
}
Event: 2.557 GC heap after
{Heap after GC invocations=22 (full 0):
 garbage-first heap   total 104448K, used 54936K [0x00000000c2c00000, 0x0000000100000000)
  region size 1024K, 1 young (1024K), 1 survivors (1024K)
 Metaspace       used 10677K, committed 11008K, reserved 1064960K
  class space    used 1421K, committed 1600K, reserved 1048576K
}
Event: 2.872 GC heap before
{Heap before GC invocations=23 (full 0):
 garbage-first heap   total 104448K, used 66200K [0x00000000c2c00000, 0x0000000100000000)
  region size 1024K, 11 young (11264K), 1 survivors (1024K)
 Metaspace       used 11932K, committed 12224K, reserved 1064960K
  class space    used 1645K, committed 1792K, reserved 1048576K
}
Event: 2.875 GC heap after
{Heap after GC invocations=24 (full 0):
 garbage-first heap   total 104448K, used 56552K [0x00000000c2c00000, 0x0000000100000000)
  region size 1024K, 2 young (2048K), 2 survivors (2048K)
 Metaspace       used 11932K, committed 12224K, reserved 1064960K
  class space    used 1645K, committed 1792K, reserved 1048576K
}
Event: 4.380 GC heap before
{Heap before GC invocations=25 (full 0):
 garbage-first heap   total 104448K, used 89320K [0x00000000c2c00000, 0x0000000100000000)
  region size 1024K, 33 young (33792K), 2 survivors (2048K)
 Metaspace       used 16660K, committed 16832K, reserved 1064960K
  class space    used 2475K, committed 2560K, reserved 1048576K
}
Event: 4.397 GC heap after
{Heap after GC invocations=26 (full 0):
 garbage-first heap   total 104448K, used 65097K [0x00000000c2c00000, 0x0000000100000000)
  region size 1024K, 5 young (5120K), 5 survivors (5120K)
 Metaspace       used 16660K, committed 16832K, reserved 1064960K
  class space    used 2475K, committed 2560K, reserved 1048576K
}
Event: 10.250 GC heap before
{Heap before GC invocations=27 (full 0):
 garbage-first heap   total 114688K, used 90697K [0x00000000c2c00000, 0x0000000100000000)
  region size 1024K, 23 young (23552K), 5 survivors (5120K)
 Metaspace       used 19424K, committed 19776K, reserved 1073152K
  class space    used 2756K, committed 2944K, reserved 1048576K
}
Event: 10.261 GC heap after
{Heap after GC invocations=28 (full 0):
 garbage-first heap   total 114688K, used 69902K [0x00000000c2c00000, 0x0000000100000000)
  region size 1024K, 3 young (3072K), 3 survivors (3072K)
 Metaspace       used 19424K, committed 19776K, reserved 1073152K
  class space    used 2756K, committed 2944K, reserved 1048576K
}
Event: 10.293 GC heap before
{Heap before GC invocations=28 (full 0):
 garbage-first heap   total 114688K, used 71950K [0x00000000c2c00000, 0x0000000100000000)
  region size 1024K, 5 young (5120K), 3 survivors (3072K)
 Metaspace       used 19431K, committed 19776K, reserved 1073152K
  class space    used 2756K, committed 2944K, reserved 1048576K
}
Event: 10.298 GC heap after
{Heap after GC invocations=29 (full 0):
 garbage-first heap   total 114688K, used 69940K [0x00000000c2c00000, 0x0000000100000000)
  region size 1024K, 1 young (1024K), 1 survivors (1024K)
 Metaspace       used 19431K, committed 19776K, reserved 1073152K
  class space    used 2756K, committed 2944K, reserved 1048576K
}

