# JRE version: Java(TM) SE Runtime Environment (17.0.2+8) (build 17.0.2+8-LTS-86)
# Java VM: Java HotSpot(TM) 64-Bit Server VM (17.0.2+8-LTS-86, mixed mode, sharing, tiered, compressed oops, compressed class ptrs, g1 gc, windows-amd64)
GC Precious Log:
 CPUs: 4 total, 4 available
 Memory: 3919M
 Large Page Support: Disabled
 NUMA Support: Disabled
 Compressed Oops: Enabled (32-bit)
 Heap Region Size: 1M
 Heap Min Capacity: 8M
 Heap Initial Capacity: 62M
 Heap Max Capacity: 980M
 Pre-touch: Disabled
 Parallel Workers: 4
 Concurrent Workers: 1
 Concurrent Refinement Workers: 4
 Periodic GC: Disabled
Heap:
 garbage-first heap   total 76800K, used 34741K [0x00000000c2c00000, 0x0000000100000000)
  region size 1024K, 3 young (3072K), 3 survivors (3072K)
 Metaspace       used 26697K, committed 27136K, reserved 1073152K
  class space    used 2940K, committed 3136K, reserved 1048576K
GC Heap History (20 events):
Event: 10.582 GC heap after
{Heap after GC invocations=10 (full 0):
 garbage-first heap   total 58368K, used 25805K [0x00000000c2c00000, 0x0000000100000000)
  region size 1024K, 3 young (3072K), 3 survivors (3072K)
 Metaspace       used 23564K, committed 23872K, reserved 1073152K
  class space    used 2661K, committed 2816K, reserved 1048576K
}
Event: 11.098 GC heap before
{Heap before GC invocations=10 (full 0):
 garbage-first heap   total 58368K, used 39117K [0x00000000c2c00000, 0x0000000100000000)
  region size 1024K, 16 young (16384K), 3 survivors (3072K)
 Metaspace       used 23825K, committed 24128K, reserved 1073152K
  class space    used 2666K, committed 2816K, reserved 1048576K
}
Event: 11.111 GC heap after
{Heap after GC invocations=11 (full 0):
 garbage-first heap   total 58368K, used 29459K [0x00000000c2c00000, 0x0000000100000000)
  region size 1024K, 2 young (2048K), 2 survivors (2048K)
 Metaspace       used 23825K, committed 24128K, reserved 1073152K
  class space    used 2666K, committed 2816K, reserved 1048576K
}
Event: 12.712 GC heap before
{Heap before GC invocations=11 (full 0):
 garbage-first heap   total 58368K, used 40723K [0x00000000c2c00000, 0x0000000100000000)
  region size 1024K, 14 young (14336K), 2 survivors (2048K)
 Metaspace       used 24839K, committed 25088K, reserved 1073152K
  class space    used 2742K, committed 2880K, reserved 1048576K
}
Event: 12.725 GC heap after
{Heap after GC invocations=12 (full 0):
 garbage-first heap   total 70656K, used 31462K [0x00000000c2c00000, 0x0000000100000000)
  region size 1024K, 2 young (2048K), 2 survivors (2048K)
 Metaspace       used 24839K, committed 25088K, reserved 1073152K
  class space    used 2742K, committed 2880K, reserved 1048576K
}
Event: 13.829 GC heap before
{Heap before GC invocations=13 (full 0):
 garbage-first heap   total 70656K, used 48870K [0x00000000c2c00000, 0x0000000100000000)
  region size 1024K, 20 young (20480K), 2 survivors (2048K)
 Metaspace       used 25819K, committed 26176K, reserved 1073152K
  class space    used 2870K, committed 3072K, reserved 1048576K
}
Event: 13.836 GC heap after
{Heap after GC invocations=14 (full 0):
 garbage-first heap   total 70656K, used 31623K [0x00000000c2c00000, 0x0000000100000000)
  region size 1024K, 2 young (2048K), 2 survivors (2048K)
 Metaspace       used 25819K, committed 26176K, reserved 1073152K
  class space    used 2870K, committed 3072K, reserved 1048576K
}
Event: 14.308 GC heap before
{Heap before GC invocations=14 (full 0):
 garbage-first heap   total 70656K, used 51079K [0x00000000c2c00000, 0x0000000100000000)
  region size 1024K, 21 young (21504K), 2 survivors (2048K)
 Metaspace       used 26124K, committed 26432K, reserved 1073152K
  class space    used 2892K, committed 3072K, reserved 1048576K
}
Event: 14.314 GC heap after
{Heap after GC invocations=15 (full 0):
 garbage-first heap   total 70656K, used 31897K [0x00000000c2c00000, 0x0000000100000000)
  region size 1024K, 1 young (1024K), 1 survivors (1024K)
 Metaspace       used 26124K, committed 26432K, reserved 1073152K
  class space    used 2892K, committed 3072K, reserved 1048576K
}
Event: 14.596 GC heap before
{Heap before GC invocations=15 (full 0):
 garbage-first heap   total 70656K, used 52377K [0x00000000c2c00000, 0x0000000100000000)
  region size 1024K, 21 young (21504K), 1 survivors (1024K)
 Metaspace       used 26393K, committed 26752K, reserved 1073152K
  class space    used 2930K, committed 3136K, reserved 1048576K
}
Event: 14.601 GC heap after
{Heap after GC invocations=16 (full 0):
 garbage-first heap   total 70656K, used 32186K [0x00000000c2c00000, 0x0000000100000000)
  region size 1024K, 1 young (1024K), 1 survivors (1024K)
 Metaspace       used 26393K, committed 26752K, reserved 1073152K
  class space    used 2930K, committed 3136K, reserved 1048576K
}
Event: 14.781 GC heap before
{Heap before GC invocations=17 (full 0):
 garbage-first heap   total 70656K, used 53690K [0x00000000c2c00000, 0x0000000100000000)
  region size 1024K, 22 young (22528K), 1 survivors (1024K)
 Metaspace       used 26494K, committed 26880K, reserved 1073152K
  class space    used 2938K, committed 3136K, reserved 1048576K
}
Event: 14.786 GC heap after
{Heap after GC invocations=18 (full 0):
 garbage-first heap   total 70656K, used 32594K [0x00000000c2c00000, 0x0000000100000000)
  region size 1024K, 2 young (2048K), 2 survivors (2048K)
 Metaspace       used 26494K, committed 26880K, reserved 1073152K
  class space    used 2938K, committed 3136K, reserved 1048576K
}
Event: 14.917 GC heap before
{Heap before GC invocations=18 (full 0):
 garbage-first heap   total 70656K, used 55122K [0x00000000c2c00000, 0x0000000100000000)
  region size 1024K, 24 young (24576K), 2 survivors (2048K)
 Metaspace       used 26549K, committed 26944K, reserved 1073152K
  class space    used 2939K, committed 3136K, reserved 1048576K
}
Event: 14.922 GC heap after
{Heap after GC invocations=19 (full 0):
 garbage-first heap   total 70656K, used 33032K [0x00000000c2c00000, 0x0000000100000000)
  region size 1024K, 2 young (2048K), 2 survivors (2048K)
 Metaspace       used 26549K, committed 26944K, reserved 1073152K
  class space    used 2939K, committed 3136K, reserved 1048576K
}
Event: 15.063 GC heap before
{Heap before GC invocations=20 (full 0):
 garbage-first heap   total 76800K, used 55560K [0x00000000c2c00000, 0x0000000100000000)
  region size 1024K, 24 young (24576K), 2 survivors (2048K)
 Metaspace       used 26594K, committed 27008K, reserved 1073152K
  class space    used 2939K, committed 3136K, reserved 1048576K
}
Event: 15.070 GC heap after
{Heap after GC invocations=21 (full 0):
 garbage-first heap   total 76800K, used 33404K [0x00000000c2c00000, 0x0000000100000000)
  region size 1024K, 2 young (2048K), 2 survivors (2048K)
 Metaspace       used 26594K, committed 27008K, reserved 1073152K
  class space    used 2939K, committed 3136K, reserved 1048576K
}
Event: 15.222 GC heap before
{Heap before GC invocations=21 (full 0):
 garbage-first heap   total 76800K, used 61052K [0x00000000c2c00000, 0x0000000100000000)
  region size 1024K, 29 young (29696K), 2 survivors (2048K)
 Metaspace       used 26651K, committed 27072K, reserved 1073152K
  class space    used 2939K, committed 3136K, reserved 1048576K
}
Event: 15.229 GC heap after
{Heap after GC invocations=22 (full 0):
 garbage-first heap   total 76800K, used 34047K [0x00000000c2c00000, 0x0000000100000000)
  region size 1024K, 3 young (3072K), 3 survivors (3072K)
 Metaspace       used 26651K, committed 27072K, reserved 1073152K
  class space    used 2939K, committed 3136K, reserved 1048576K
}
Event: 15.410 GC heap before
{Heap before GC invocations=22 (full 0):
 garbage-first heap   total 76800K, used 61695K [0x00000000c2c00000, 0x0000000100000000)
  region size 1024K, 30 young (30720K), 3 survivors (3072K)
 Metaspace       used 26697K, committed 27136K, reserved 1073152K
  class space    used 2940K, committed 3136K, reserved 1048576K
}

