# JRE version: Java(TM) SE Runtime Environment (17.0.2+8) (build 17.0.2+8-LTS-86)
# Java VM: Java HotSpot(TM) 64-Bit Server VM (17.0.2+8-LTS-86, mixed mode, sharing, tiered, compressed oops, compressed class ptrs, g1 gc, windows-amd64)
GC Precious Log:
 CPUs: 4 total, 4 available
 Memory: 3919M
 Large Page Support: Disabled
 NUMA Support: Disabled
 Compressed Oops: Enabled (32-bit)
 Heap Region Size: 1M
 Heap Min Capacity: 8M
 Heap Initial Capacity: 62M
 Heap Max Capacity: 980M
 Pre-touch: Disabled
 Parallel Workers: 4
 Concurrent Workers: 1
 Concurrent Refinement Workers: 4
 Periodic GC: Disabled
Heap:
 garbage-first heap   total 119808K, used 71525K [0x00000000c2c00000, 0x0000000100000000)
  region size 1024K, 6 young (6144K), 2 survivors (2048K)
 Metaspace       used 18687K, committed 19008K, reserved 1073152K
  class space    used 2643K, committed 2816K, reserved 1048576K
GC Heap History (20 events):
Event: 2.708 GC heap before
{Heap before GC invocations=5 (full 0):
 garbage-first heap   total 63488K, used 58561K [0x00000000c2c00000, 0x0000000100000000)
  region size 1024K, 10 young (10240K), 1 survivors (1024K)
 Metaspace       used 10636K, committed 10880K, reserved 1064960K
  class space    used 1420K, committed 1536K, reserved 1048576K
}
Event: 2.710 GC heap after
{Heap after GC invocations=6 (full 0):
 garbage-first heap   total 63488K, used 43884K [0x00000000c2c00000, 0x0000000100000000)
  region size 1024K, 1 young (1024K), 1 survivors (1024K)
 Metaspace       used 10636K, committed 10880K, reserved 1064960K
  class space    used 1420K, committed 1536K, reserved 1048576K
}
Event: 2.819 GC heap before
{Heap before GC invocations=6 (full 0):
 garbage-first heap   total 63488K, used 59244K [0x00000000c2c00000, 0x0000000100000000)
  region size 1024K, 2 young (2048K), 1 survivors (1024K)
 Metaspace       used 10670K, committed 11008K, reserved 1064960K
  class space    used 1422K, committed 1600K, reserved 1048576K
}
Event: 2.823 GC heap after
{Heap after GC invocations=7 (full 0):
 garbage-first heap   total 63488K, used 54044K [0x00000000c2c00000, 0x0000000100000000)
  region size 1024K, 1 young (1024K), 1 survivors (1024K)
 Metaspace       used 10670K, committed 11008K, reserved 1064960K
  class space    used 1422K, committed 1600K, reserved 1048576K
}
Event: 2.833 GC heap before
{Heap before GC invocations=7 (full 0):
 garbage-first heap   total 63488K, used 55068K [0x00000000c2c00000, 0x0000000100000000)
  region size 1024K, 2 young (2048K), 1 survivors (1024K)
 Metaspace       used 10670K, committed 11008K, reserved 1064960K
  class space    used 1422K, committed 1600K, reserved 1048576K
}
Event: 2.833 GC heap after
{Heap after GC invocations=8 (full 0):
 garbage-first heap   total 63488K, used 54996K [0x00000000c2c00000, 0x0000000100000000)
  region size 1024K, 1 young (1024K), 1 survivors (1024K)
 Metaspace       used 10670K, committed 11008K, reserved 1064960K
  class space    used 1422K, committed 1600K, reserved 1048576K
}
Event: 2.900 GC heap before
{Heap before GC invocations=9 (full 0):
 garbage-first heap   total 99328K, used 58068K [0x00000000c2c00000, 0x0000000100000000)
  region size 1024K, 3 young (3072K), 1 survivors (1024K)
 Metaspace       used 10765K, committed 11072K, reserved 1064960K
  class space    used 1427K, committed 1600K, reserved 1048576K
}
Event: 2.901 GC heap after
{Heap after GC invocations=10 (full 0):
 garbage-first heap   total 99328K, used 56118K [0x00000000c2c00000, 0x0000000100000000)
  region size 1024K, 1 young (1024K), 1 survivors (1024K)
 Metaspace       used 10765K, committed 11072K, reserved 1064960K
  class space    used 1427K, committed 1600K, reserved 1048576K
}
Event: 2.986 GC heap before
{Heap before GC invocations=10 (full 0):
 garbage-first heap   total 99328K, used 59190K [0x00000000c2c00000, 0x0000000100000000)
  region size 1024K, 4 young (4096K), 1 survivors (1024K)
 Metaspace       used 11050K, committed 11264K, reserved 1064960K
  class space    used 1513K, committed 1664K, reserved 1048576K
}
Event: 2.989 GC heap after
{Heap after GC invocations=11 (full 0):
 garbage-first heap   total 119808K, used 56146K [0x00000000c2c00000, 0x0000000100000000)
  region size 1024K, 1 young (1024K), 1 survivors (1024K)
 Metaspace       used 11050K, committed 11264K, reserved 1064960K
  class space    used 1513K, committed 1664K, reserved 1048576K
}
Event: 3.169 GC heap before
{Heap before GC invocations=11 (full 0):
 garbage-first heap   total 119808K, used 60242K [0x00000000c2c00000, 0x0000000100000000)
  region size 1024K, 6 young (6144K), 1 survivors (1024K)
 Metaspace       used 11934K, committed 12224K, reserved 1064960K
  class space    used 1646K, committed 1792K, reserved 1048576K
}
Event: 3.171 GC heap after
{Heap after GC invocations=12 (full 0):
 garbage-first heap   total 119808K, used 56483K [0x00000000c2c00000, 0x0000000100000000)
  region size 1024K, 1 young (1024K), 1 survivors (1024K)
 Metaspace       used 11934K, committed 12224K, reserved 1064960K
  class space    used 1646K, committed 1792K, reserved 1048576K
}
Event: 4.630 GC heap before
{Heap before GC invocations=13 (full 0):
 garbage-first heap   total 119808K, used 89251K [0x00000000c2c00000, 0x0000000100000000)
  region size 1024K, 32 young (32768K), 1 survivors (1024K)
 Metaspace       used 16650K, committed 16832K, reserved 1064960K
  class space    used 2472K, committed 2560K, reserved 1048576K
}
Event: 4.649 GC heap after
{Heap after GC invocations=14 (full 0):
 garbage-first heap   total 119808K, used 65084K [0x00000000c2c00000, 0x0000000100000000)
  region size 1024K, 6 young (6144K), 6 survivors (6144K)
 Metaspace       used 16650K, committed 16832K, reserved 1064960K
  class space    used 2472K, committed 2560K, reserved 1048576K
}
Event: 5.105 GC heap before
{Heap before GC invocations=15 (full 0):
 garbage-first heap   total 119808K, used 72252K [0x00000000c2c00000, 0x0000000100000000)
  region size 1024K, 12 young (12288K), 6 survivors (6144K)
 Metaspace       used 17993K, committed 18304K, reserved 1064960K
  class space    used 2626K, committed 2816K, reserved 1048576K
}
Event: 5.118 GC heap after
{Heap after GC invocations=16 (full 0):
 garbage-first heap   total 119808K, used 66624K [0x00000000c2c00000, 0x0000000100000000)
  region size 1024K, 2 young (2048K), 2 survivors (2048K)
 Metaspace       used 17993K, committed 18304K, reserved 1064960K
  class space    used 2626K, committed 2816K, reserved 1048576K
}
Event: 5.293 GC heap before
{Heap before GC invocations=17 (full 0):
 garbage-first heap   total 119808K, used 68672K [0x00000000c2c00000, 0x0000000100000000)
  region size 1024K, 3 young (3072K), 2 survivors (2048K)
 Metaspace       used 18105K, committed 18432K, reserved 1073152K
  class space    used 2634K, committed 2816K, reserved 1048576K
}
Event: 5.297 GC heap after
{Heap after GC invocations=18 (full 0):
 garbage-first heap   total 119808K, used 66371K [0x00000000c2c00000, 0x0000000100000000)
  region size 1024K, 2 young (2048K), 2 survivors (2048K)
 Metaspace       used 18105K, committed 18432K, reserved 1073152K
  class space    used 2634K, committed 2816K, reserved 1048576K
}
Event: 40.656 GC heap before
{Heap before GC invocations=19 (full 0):
 garbage-first heap   total 119808K, used 69443K [0x00000000c2c00000, 0x0000000100000000)
  region size 1024K, 4 young (4096K), 2 survivors (2048K)
 Metaspace       used 18456K, committed 18752K, reserved 1073152K
  class space    used 2640K, committed 2816K, reserved 1048576K
}
Event: 40.661 GC heap after
{Heap after GC invocations=20 (full 0):
 garbage-first heap   total 119808K, used 66405K [0x00000000c2c00000, 0x0000000100000000)
  region size 1024K, 2 young (2048K), 2 survivors (2048K)
 Metaspace       used 18456K, committed 18752K, reserved 1073152K
  class space    used 2640K, committed 2816K, reserved 1048576K
}

