# JRE version: Java(TM) SE Runtime Environment (17.0.2+8) (build 17.0.2+8-LTS-86)
# Java VM: Java HotSpot(TM) 64-Bit Server VM (17.0.2+8-LTS-86, mixed mode, sharing, tiered, compressed oops, compressed class ptrs, g1 gc, windows-amd64)
GC Precious Log:
 CPUs: 4 total, 4 available
 Memory: 3919M
 Large Page Support: Disabled
 NUMA Support: Disabled
 Compressed Oops: Enabled (32-bit)
 Heap Region Size: 1M
 Heap Min Capacity: 8M
 Heap Initial Capacity: 62M
 Heap Max Capacity: 980M
 Pre-touch: Disabled
 Parallel Workers: 4
 Concurrent Workers: 1
 Concurrent Refinement Workers: 4
 Periodic GC: Disabled
Heap:
 garbage-first heap   total 116736K, used 70577K [0x00000000c2c00000, 0x0000000100000000)
  region size 1024K, 6 young (6144K), 2 survivors (2048K)
 Metaspace       used 17525K, committed 17792K, reserved 1064960K
  class space    used 2582K, committed 2752K, reserved 1048576K
GC Heap History (20 events):
Event: 1.337 GC heap before
{Heap before GC invocations=1 (full 0):
 garbage-first heap   total 63488K, used 19160K [0x00000000c2c00000, 0x0000000100000000)
  region size 1024K, 19 young (19456K), 2 survivors (2048K)
 Metaspace       used 7082K, committed 7296K, reserved 1056768K
  class space    used 849K, committed 960K, reserved 1048576K
}
Event: 1.345 GC heap after
{Heap after GC invocations=2 (full 0):
 garbage-first heap   total 63488K, used 6207K [0x00000000c2c00000, 0x0000000100000000)
  region size 1024K, 3 young (3072K), 3 survivors (3072K)
 Metaspace       used 7082K, committed 7296K, reserved 1056768K
  class space    used 849K, committed 960K, reserved 1048576K
}
Event: 1.962 GC heap before
{Heap before GC invocations=2 (full 0):
 garbage-first heap   total 63488K, used 42047K [0x00000000c2c00000, 0x0000000100000000)
  region size 1024K, 15 young (15360K), 3 survivors (3072K)
 Metaspace       used 10004K, committed 10240K, reserved 1064960K
  class space    used 1342K, committed 1472K, reserved 1048576K
}
Event: 1.969 GC heap after
{Heap after GC invocations=3 (full 0):
 garbage-first heap   total 63488K, used 25433K [0x00000000c2c00000, 0x0000000100000000)
  region size 1024K, 2 young (2048K), 2 survivors (2048K)
 Metaspace       used 10004K, committed 10240K, reserved 1064960K
  class space    used 1342K, committed 1472K, reserved 1048576K
}
Event: 1.996 GC heap before
{Heap before GC invocations=3 (full 0):
 garbage-first heap   total 63488K, used 30553K [0x00000000c2c00000, 0x0000000100000000)
  region size 1024K, 3 young (3072K), 2 survivors (2048K)
 Metaspace       used 10038K, committed 10304K, reserved 1064960K
  class space    used 1343K, committed 1472K, reserved 1048576K
}
Event: 1.999 GC heap after
{Heap after GC invocations=4 (full 0):
 garbage-first heap   total 63488K, used 28793K [0x00000000c2c00000, 0x0000000100000000)
  region size 1024K, 1 young (1024K), 1 survivors (1024K)
 Metaspace       used 10038K, committed 10304K, reserved 1064960K
  class space    used 1343K, committed 1472K, reserved 1048576K
}
Event: 2.444 GC heap before
{Heap before GC invocations=5 (full 0):
 garbage-first heap   total 63488K, used 58489K [0x00000000c2c00000, 0x0000000100000000)
  region size 1024K, 10 young (10240K), 1 survivors (1024K)
 Metaspace       used 10605K, committed 10880K, reserved 1064960K
  class space    used 1416K, committed 1536K, reserved 1048576K
}
Event: 2.446 GC heap after
{Heap after GC invocations=6 (full 0):
 garbage-first heap   total 63488K, used 43729K [0x00000000c2c00000, 0x0000000100000000)
  region size 1024K, 1 young (1024K), 1 survivors (1024K)
 Metaspace       used 10605K, committed 10880K, reserved 1064960K
  class space    used 1416K, committed 1536K, reserved 1048576K
}
Event: 2.522 GC heap before
{Heap before GC invocations=6 (full 0):
 garbage-first heap   total 63488K, used 59089K [0x00000000c2c00000, 0x0000000100000000)
  region size 1024K, 2 young (2048K), 1 survivors (1024K)
 Metaspace       used 10657K, committed 10944K, reserved 1064960K
  class space    used 1418K, committed 1536K, reserved 1048576K
}
Event: 2.526 GC heap after
{Heap after GC invocations=7 (full 0):
 garbage-first heap   total 63488K, used 53909K [0x00000000c2c00000, 0x0000000100000000)
  region size 1024K, 1 young (1024K), 1 survivors (1024K)
 Metaspace       used 10657K, committed 10944K, reserved 1064960K
  class space    used 1418K, committed 1536K, reserved 1048576K
}
Event: 2.536 GC heap before
{Heap before GC invocations=7 (full 0):
 garbage-first heap   total 63488K, used 54933K [0x00000000c2c00000, 0x0000000100000000)
  region size 1024K, 2 young (2048K), 1 survivors (1024K)
 Metaspace       used 10657K, committed 10944K, reserved 1064960K
  class space    used 1418K, committed 1536K, reserved 1048576K
}
Event: 2.538 GC heap after
{Heap after GC invocations=8 (full 0):
 garbage-first heap   total 76800K, used 54852K [0x00000000c2c00000, 0x0000000100000000)
  region size 1024K, 1 young (1024K), 1 survivors (1024K)
 Metaspace       used 10657K, committed 10944K, reserved 1064960K
  class space    used 1418K, committed 1536K, reserved 1048576K
}
Event: 2.832 GC heap before
{Heap before GC invocations=9 (full 0):
 garbage-first heap   total 99328K, used 66116K [0x00000000c2c00000, 0x0000000100000000)
  region size 1024K, 10 young (10240K), 1 survivors (1024K)
 Metaspace       used 11912K, committed 12160K, reserved 1064960K
  class space    used 1642K, committed 1792K, reserved 1048576K
}
Event: 2.835 GC heap after
{Heap after GC invocations=10 (full 0):
 garbage-first heap   total 99328K, used 56492K [0x00000000c2c00000, 0x0000000100000000)
  region size 1024K, 1 young (1024K), 1 survivors (1024K)
 Metaspace       used 11912K, committed 12160K, reserved 1064960K
  class space    used 1642K, committed 1792K, reserved 1048576K
}
Event: 3.016 GC heap before
{Heap before GC invocations=10 (full 0):
 garbage-first heap   total 99328K, used 61612K [0x00000000c2c00000, 0x0000000100000000)
  region size 1024K, 4 young (4096K), 1 survivors (1024K)
 Metaspace       used 12770K, committed 13056K, reserved 1064960K
  class space    used 1756K, committed 1920K, reserved 1048576K
}
Event: 3.021 GC heap after
{Heap after GC invocations=11 (full 0):
 garbage-first heap   total 99328K, used 58543K [0x00000000c2c00000, 0x0000000100000000)
  region size 1024K, 1 young (1024K), 1 survivors (1024K)
 Metaspace       used 12770K, committed 13056K, reserved 1064960K
  class space    used 1756K, committed 1920K, reserved 1048576K
}
Event: 4.115 GC heap before
{Heap before GC invocations=11 (full 0):
 garbage-first heap   total 99328K, used 83119K [0x00000000c2c00000, 0x0000000100000000)
  region size 1024K, 25 young (25600K), 1 survivors (1024K)
 Metaspace       used 16489K, committed 16704K, reserved 1064960K
  class space    used 2463K, committed 2560K, reserved 1048576K
}
Event: 4.127 GC heap after
{Heap after GC invocations=12 (full 0):
 garbage-first heap   total 99328K, used 64142K [0x00000000c2c00000, 0x0000000100000000)
  region size 1024K, 4 young (4096K), 4 survivors (4096K)
 Metaspace       used 16489K, committed 16704K, reserved 1064960K
  class space    used 2463K, committed 2560K, reserved 1048576K
}
Event: 4.257 GC heap before
{Heap before GC invocations=13 (full 0):
 garbage-first heap   total 109568K, used 67214K [0x00000000c2c00000, 0x0000000100000000)
  region size 1024K, 8 young (8192K), 4 survivors (4096K)
 Metaspace       used 16621K, committed 16832K, reserved 1064960K
  class space    used 2472K, committed 2560K, reserved 1048576K
}
Event: 4.268 GC heap after
{Heap after GC invocations=14 (full 0):
 garbage-first heap   total 109568K, used 65457K [0x00000000c2c00000, 0x0000000100000000)
  region size 1024K, 2 young (2048K), 2 survivors (2048K)
 Metaspace       used 16621K, committed 16832K, reserved 1064960K
  class space    used 2472K, committed 2560K, reserved 1048576K
}

