# JRE version: Java(TM) SE Runtime Environment (17.0.2+8) (build 17.0.2+8-LTS-86)
# Java VM: Java HotSpot(TM) 64-Bit Server VM (17.0.2+8-LTS-86, mixed mode, sharing, tiered, compressed oops, compressed class ptrs, g1 gc, windows-amd64)
GC Precious Log:
 CPUs: 4 total, 4 available
 Memory: 3919M
 Large Page Support: Disabled
 NUMA Support: Disabled
 Compressed Oops: Enabled (32-bit)
 Heap Region Size: 1M
 Heap Min Capacity: 8M
 Heap Initial Capacity: 62M
 Heap Max Capacity: 980M
 Pre-touch: Disabled
 Parallel Workers: 4
 Concurrent Workers: 1
 Concurrent Refinement Workers: 4
 Periodic GC: Disabled
Heap:
 garbage-first heap   total 65536K, used 55958K [0x00000000c2c00000, 0x0000000100000000)
  region size 1024K, 2 young (2048K), 1 survivors (1024K)
 Metaspace       used 10780K, committed 11072K, reserved 1064960K
  class space    used 1427K, committed 1600K, reserved 1048576K
GC Heap History (14 events):
Event: 0.689 GC heap before
{Heap before GC invocations=0 (full 0):
 garbage-first heap   total 63488K, used 12288K [0x00000000c2c00000, 0x0000000100000000)
  region size 1024K, 13 young (13312K), 0 survivors (0K)
 Metaspace       used 2086K, committed 2240K, reserved 1056768K
  class space    used 212K, committed 256K, reserved 1048576K
}
Event: 0.694 GC heap after
{Heap after GC invocations=1 (full 0):
 garbage-first heap   total 63488K, used 1744K [0x00000000c2c00000, 0x0000000100000000)
  region size 1024K, 2 young (2048K), 2 survivors (2048K)
 Metaspace       used 2086K, committed 2240K, reserved 1056768K
  class space    used 212K, committed 256K, reserved 1048576K
}
Event: 1.201 GC heap before
{Heap before GC invocations=1 (full 0):
 garbage-first heap   total 63488K, used 19152K [0x00000000c2c00000, 0x0000000100000000)
  region size 1024K, 19 young (19456K), 2 survivors (2048K)
 Metaspace       used 7074K, committed 7296K, reserved 1056768K
  class space    used 850K, committed 960K, reserved 1048576K
}
Event: 1.210 GC heap after
{Heap after GC invocations=2 (full 0):
 garbage-first heap   total 63488K, used 5977K [0x00000000c2c00000, 0x0000000100000000)
  region size 1024K, 3 young (3072K), 3 survivors (3072K)
 Metaspace       used 7074K, committed 7296K, reserved 1056768K
  class space    used 850K, committed 960K, reserved 1048576K
}
Event: 1.999 GC heap before
{Heap before GC invocations=2 (full 0):
 garbage-first heap   total 63488K, used 42841K [0x00000000c2c00000, 0x0000000100000000)
  region size 1024K, 16 young (16384K), 3 survivors (3072K)
 Metaspace       used 10037K, committed 10304K, reserved 1064960K
  class space    used 1345K, committed 1472K, reserved 1048576K
}
Event: 2.009 GC heap after
{Heap after GC invocations=3 (full 0):
 garbage-first heap   total 63488K, used 25374K [0x00000000c2c00000, 0x0000000100000000)
  region size 1024K, 2 young (2048K), 2 survivors (2048K)
 Metaspace       used 10037K, committed 10304K, reserved 1064960K
  class space    used 1345K, committed 1472K, reserved 1048576K
}
Event: 2.059 GC heap before
{Heap before GC invocations=3 (full 0):
 garbage-first heap   total 63488K, used 30494K [0x00000000c2c00000, 0x0000000100000000)
  region size 1024K, 3 young (3072K), 2 survivors (2048K)
 Metaspace       used 10080K, committed 10304K, reserved 1064960K
  class space    used 1346K, committed 1472K, reserved 1048576K
}
Event: 2.062 GC heap after
{Heap after GC invocations=4 (full 0):
 garbage-first heap   total 63488K, used 28717K [0x00000000c2c00000, 0x0000000100000000)
  region size 1024K, 1 young (1024K), 1 survivors (1024K)
 Metaspace       used 10080K, committed 10304K, reserved 1064960K
  class space    used 1346K, committed 1472K, reserved 1048576K
}
Event: 2.470 GC heap before
{Heap before GC invocations=5 (full 0):
 garbage-first heap   total 63488K, used 59437K [0x00000000c2c00000, 0x0000000100000000)
  region size 1024K, 10 young (10240K), 1 survivors (1024K)
 Metaspace       used 10633K, committed 10880K, reserved 1064960K
  class space    used 1420K, committed 1536K, reserved 1048576K
}
Event: 2.472 GC heap after
{Heap after GC invocations=6 (full 0):
 garbage-first heap   total 63488K, used 44747K [0x00000000c2c00000, 0x0000000100000000)
  region size 1024K, 1 young (1024K), 1 survivors (1024K)
 Metaspace       used 10633K, committed 10880K, reserved 1064960K
  class space    used 1420K, committed 1536K, reserved 1048576K
}
Event: 2.548 GC heap before
{Heap before GC invocations=6 (full 0):
 garbage-first heap   total 65536K, used 60107K [0x00000000c2c00000, 0x0000000100000000)
  region size 1024K, 2 young (2048K), 1 survivors (1024K)
 Metaspace       used 10687K, committed 11008K, reserved 1064960K
  class space    used 1422K, committed 1600K, reserved 1048576K
}
Event: 2.551 GC heap after
{Heap after GC invocations=7 (full 0):
 garbage-first heap   total 65536K, used 54915K [0x00000000c2c00000, 0x0000000100000000)
  region size 1024K, 1 young (1024K), 1 survivors (1024K)
 Metaspace       used 10687K, committed 11008K, reserved 1064960K
  class space    used 1422K, committed 1600K, reserved 1048576K
}
Event: 2.598 GC heap before
{Heap before GC invocations=7 (full 0):
 garbage-first heap   total 65536K, used 57987K [0x00000000c2c00000, 0x0000000100000000)
  region size 1024K, 3 young (3072K), 1 survivors (1024K)
 Metaspace       used 10772K, committed 11072K, reserved 1064960K
  class space    used 1427K, committed 1600K, reserved 1048576K
}
Event: 2.600 GC heap after
{Heap after GC invocations=8 (full 0):
 garbage-first heap   total 65536K, used 55958K [0x00000000c2c00000, 0x0000000100000000)
  region size 1024K, 1 young (1024K), 1 survivors (1024K)
 Metaspace       used 10772K, committed 11072K, reserved 1064960K
  class space    used 1427K, committed 1600K, reserved 1048576K
}

