# JRE version: Java(TM) SE Runtime Environment (17.0.2+8) (build 17.0.2+8-LTS-86)
# Java VM: Java HotSpot(TM) 64-Bit Server VM (17.0.2+8-LTS-86, mixed mode, sharing, tiered, compressed oops, compressed class ptrs, g1 gc, windows-amd64)
GC Precious Log:
 CPUs: 4 total, 4 available
 Memory: 3919M
 Large Page Support: Disabled
 NUMA Support: Disabled
 Compressed Oops: Enabled (32-bit)
 Heap Region Size: 1M
 Heap Min Capacity: 8M
 Heap Initial Capacity: 62M
 Heap Max Capacity: 980M
 Pre-touch: Disabled
 Parallel Workers: 4
 Concurrent Workers: 1
 Concurrent Refinement Workers: 4
 Periodic GC: Disabled
Heap:
 garbage-first heap   total 199680K, used 110439K [0x00000000c2c00000, 0x0000000100000000)
  region size 1024K, 45 young (46080K), 1 survivors (1024K)
 Metaspace       used 17570K, committed 17856K, reserved 1064960K
  class space    used 2581K, committed 2752K, reserved 1048576K
GC Heap History (20 events):
Event: 2.328 GC heap before
{Heap before GC invocations=4 (full 0):
 garbage-first heap   total 63488K, used 29875K [0x00000000c2c00000, 0x0000000100000000)
  region size 1024K, 2 young (2048K), 1 survivors (1024K)
 Metaspace       used 10065K, committed 10304K, reserved 1064960K
  class space    used 1343K, committed 1472K, reserved 1048576K
}
Event: 2.329 GC heap after
{Heap after GC invocations=5 (full 0):
 garbage-first heap   total 63488K, used 28692K [0x00000000c2c00000, 0x0000000100000000)
  region size 1024K, 1 young (1024K), 1 survivors (1024K)
 Metaspace       used 10065K, committed 10304K, reserved 1064960K
  class space    used 1343K, committed 1472K, reserved 1048576K
}
Event: 2.376 GC heap before
{Heap before GC invocations=6 (full 0):
 garbage-first heap   total 63488K, used 31764K [0x00000000c2c00000, 0x0000000100000000)
  region size 1024K, 2 young (2048K), 1 survivors (1024K)
 Metaspace       used 10104K, committed 10304K, reserved 1064960K
  class space    used 1344K, committed 1472K, reserved 1048576K
}
Event: 2.378 GC heap after
{Heap after GC invocations=7 (full 0):
 garbage-first heap   total 63488K, used 30747K [0x00000000c2c00000, 0x0000000100000000)
  region size 1024K, 1 young (1024K), 1 survivors (1024K)
 Metaspace       used 10104K, committed 10304K, reserved 1064960K
  class space    used 1344K, committed 1472K, reserved 1048576K
}
Event: 2.403 GC heap before
{Heap before GC invocations=8 (full 0):
 garbage-first heap   total 63488K, used 33819K [0x00000000c2c00000, 0x0000000100000000)
  region size 1024K, 2 young (2048K), 1 survivors (1024K)
 Metaspace       used 10105K, committed 10304K, reserved 1064960K
  class space    used 1344K, committed 1472K, reserved 1048576K
}
Event: 2.403 GC heap after
{Heap after GC invocations=9 (full 0):
 garbage-first heap   total 63488K, used 32793K [0x00000000c2c00000, 0x0000000100000000)
  region size 1024K, 1 young (1024K), 1 survivors (1024K)
 Metaspace       used 10105K, committed 10304K, reserved 1064960K
  class space    used 1344K, committed 1472K, reserved 1048576K
}
Event: 2.430 GC heap before
{Heap before GC invocations=10 (full 0):
 garbage-first heap   total 63488K, used 35865K [0x00000000c2c00000, 0x0000000100000000)
  region size 1024K, 2 young (2048K), 1 survivors (1024K)
 Metaspace       used 10110K, committed 10304K, reserved 1064960K
  class space    used 1344K, committed 1472K, reserved 1048576K
}
Event: 2.431 GC heap after
{Heap after GC invocations=11 (full 0):
 garbage-first heap   total 63488K, used 34851K [0x00000000c2c00000, 0x0000000100000000)
  region size 1024K, 1 young (1024K), 1 survivors (1024K)
 Metaspace       used 10110K, committed 10304K, reserved 1064960K
  class space    used 1344K, committed 1472K, reserved 1048576K
}
Event: 2.560 GC heap before
{Heap before GC invocations=12 (full 0):
 garbage-first heap   total 63488K, used 40995K [0x00000000c2c00000, 0x0000000100000000)
  region size 1024K, 5 young (5120K), 1 survivors (1024K)
 Metaspace       used 10348K, committed 10624K, reserved 1064960K
  class space    used 1382K, committed 1536K, reserved 1048576K
}
Event: 2.561 GC heap after
{Heap after GC invocations=13 (full 0):
 garbage-first heap   total 63488K, used 37113K [0x00000000c2c00000, 0x0000000100000000)
  region size 1024K, 1 young (1024K), 1 survivors (1024K)
 Metaspace       used 10348K, committed 10624K, reserved 1064960K
  class space    used 1382K, committed 1536K, reserved 1048576K
}
Event: 2.588 GC heap before
{Heap before GC invocations=14 (full 0):
 garbage-first heap   total 66560K, used 38137K [0x00000000c2c00000, 0x0000000100000000)
  region size 1024K, 2 young (2048K), 1 survivors (1024K)
 Metaspace       used 10348K, committed 10624K, reserved 1064960K
  class space    used 1382K, committed 1536K, reserved 1048576K
}
Event: 2.590 GC heap after
{Heap after GC invocations=15 (full 0):
 garbage-first heap   total 92160K, used 38145K [0x00000000c2c00000, 0x0000000100000000)
  region size 1024K, 1 young (1024K), 1 survivors (1024K)
 Metaspace       used 10348K, committed 10624K, reserved 1064960K
  class space    used 1382K, committed 1536K, reserved 1048576K
}
Event: 2.609 GC heap before
{Heap before GC invocations=15 (full 0):
 garbage-first heap   total 92160K, used 41217K [0x00000000c2c00000, 0x0000000100000000)
  region size 1024K, 2 young (2048K), 1 survivors (1024K)
 Metaspace       used 10372K, committed 10688K, reserved 1064960K
  class space    used 1386K, committed 1536K, reserved 1048576K
}
Event: 2.611 GC heap after
{Heap after GC invocations=16 (full 0):
 garbage-first heap   total 92160K, used 40215K [0x00000000c2c00000, 0x0000000100000000)
  region size 1024K, 1 young (1024K), 1 survivors (1024K)
 Metaspace       used 10372K, committed 10688K, reserved 1064960K
  class space    used 1386K, committed 1536K, reserved 1048576K
}
Event: 2.619 GC heap before
{Heap before GC invocations=16 (full 0):
 garbage-first heap   total 92160K, used 42263K [0x00000000c2c00000, 0x0000000100000000)
  region size 1024K, 2 young (2048K), 1 survivors (1024K)
 Metaspace       used 10375K, committed 10688K, reserved 1064960K
  class space    used 1386K, committed 1536K, reserved 1048576K
}
Event: 2.620 GC heap after
{Heap after GC invocations=17 (full 0):
 garbage-first heap   total 92160K, used 41244K [0x00000000c2c00000, 0x0000000100000000)
  region size 1024K, 1 young (1024K), 1 survivors (1024K)
 Metaspace       used 10375K, committed 10688K, reserved 1064960K
  class space    used 1386K, committed 1536K, reserved 1048576K
}
Event: 2.632 GC heap before
{Heap before GC invocations=17 (full 0):
 garbage-first heap   total 92160K, used 42268K [0x00000000c2c00000, 0x0000000100000000)
  region size 1024K, 2 young (2048K), 1 survivors (1024K)
 Metaspace       used 10375K, committed 10688K, reserved 1064960K
  class space    used 1386K, committed 1536K, reserved 1048576K
}
Event: 2.633 GC heap after
{Heap after GC invocations=18 (full 0):
 garbage-first heap   total 92160K, used 42259K [0x00000000c2c00000, 0x0000000100000000)
  region size 1024K, 1 young (1024K), 1 survivors (1024K)
 Metaspace       used 10375K, committed 10688K, reserved 1064960K
  class space    used 1386K, committed 1536K, reserved 1048576K
}
Event: 3.012 GC heap before
{Heap before GC invocations=19 (full 0):
 garbage-first heap   total 92160K, used 47379K [0x00000000c2c00000, 0x0000000100000000)
  region size 1024K, 5 young (5120K), 1 survivors (1024K)
 Metaspace       used 10647K, committed 10880K, reserved 1064960K
  class space    used 1415K, committed 1536K, reserved 1048576K
}
Event: 3.018 GC heap after
{Heap after GC invocations=20 (full 0):
 garbage-first heap   total 199680K, used 43879K [0x00000000c2c00000, 0x0000000100000000)
  region size 1024K, 1 young (1024K), 1 survivors (1024K)
 Metaspace       used 10647K, committed 10880K, reserved 1064960K
  class space    used 1415K, committed 1536K, reserved 1048576K
}

