# JRE version: Java(TM) SE Runtime Environment (17.0.2+8) (build 17.0.2+8-LTS-86)
# Java VM: Java HotSpot(TM) 64-Bit Server VM (17.0.2+8-LTS-86, mixed mode, sharing, tiered, compressed oops, compressed class ptrs, g1 gc, windows-amd64)
GC Precious Log:
 CPUs: 4 total, 4 available
 Memory: 3919M
 Large Page Support: Disabled
 NUMA Support: Disabled
 Compressed Oops: Enabled (32-bit)
 Heap Region Size: 1M
 Heap Min Capacity: 8M
 Heap Initial Capacity: 62M
 Heap Max Capacity: 980M
 Pre-touch: Disabled
 Parallel Workers: 4
 Concurrent Workers: 1
 Concurrent Refinement Workers: 4
 Periodic GC: Disabled
Heap:
 garbage-first heap   total 97280K, used 56459K [0x00000000c2c00000, 0x0000000100000000)
  region size 1024K, 2 young (2048K), 2 survivors (2048K)
 Metaspace       used 11923K, committed 12224K, reserved 1064960K
  class space    used 1642K, committed 1792K, reserved 1048576K
GC Heap History (20 events):
Event: 1.777 GC heap after
{Heap after GC invocations=3 (full 0):
 garbage-first heap   total 63488K, used 25163K [0x00000000c2c00000, 0x0000000100000000)
  region size 1024K, 2 young (2048K), 2 survivors (2048K)
 Metaspace       used 10008K, committed 10240K, reserved 1064960K
  class space    used 1342K, committed 1472K, reserved 1048576K
}
Event: 1.802 GC heap before
{Heap before GC invocations=3 (full 0):
 garbage-first heap   total 63488K, used 30283K [0x00000000c2c00000, 0x0000000100000000)
  region size 1024K, 3 young (3072K), 2 survivors (2048K)
 Metaspace       used 10043K, committed 10304K, reserved 1064960K
  class space    used 1343K, committed 1472K, reserved 1048576K
}
Event: 1.806 GC heap after
{Heap after GC invocations=4 (full 0):
 garbage-first heap   total 63488K, used 28513K [0x00000000c2c00000, 0x0000000100000000)
  region size 1024K, 1 young (1024K), 1 survivors (1024K)
 Metaspace       used 10043K, committed 10304K, reserved 1064960K
  class space    used 1343K, committed 1472K, reserved 1048576K
}
Event: 1.845 GC heap before
{Heap before GC invocations=5 (full 0):
 garbage-first heap   total 63488K, used 31585K [0x00000000c2c00000, 0x0000000100000000)
  region size 1024K, 2 young (2048K), 1 survivors (1024K)
 Metaspace       used 10077K, committed 10304K, reserved 1064960K
  class space    used 1345K, committed 1472K, reserved 1048576K
}
Event: 1.846 GC heap after
{Heap after GC invocations=6 (full 0):
 garbage-first heap   total 63488K, used 30421K [0x00000000c2c00000, 0x0000000100000000)
  region size 1024K, 1 young (1024K), 1 survivors (1024K)
 Metaspace       used 10077K, committed 10304K, reserved 1064960K
  class space    used 1345K, committed 1472K, reserved 1048576K
}
Event: 1.872 GC heap before
{Heap before GC invocations=7 (full 0):
 garbage-first heap   total 63488K, used 34517K [0x00000000c2c00000, 0x0000000100000000)
  region size 1024K, 2 young (2048K), 1 survivors (1024K)
 Metaspace       used 10078K, committed 10304K, reserved 1064960K
  class space    used 1345K, committed 1472K, reserved 1048576K
}
Event: 1.873 GC heap after
{Heap after GC invocations=8 (full 0):
 garbage-first heap   total 63488K, used 33476K [0x00000000c2c00000, 0x0000000100000000)
  region size 1024K, 1 young (1024K), 1 survivors (1024K)
 Metaspace       used 10078K, committed 10304K, reserved 1064960K
  class space    used 1345K, committed 1472K, reserved 1048576K
}
Event: 1.996 GC heap before
{Heap before GC invocations=9 (full 0):
 garbage-first heap   total 68608K, used 41668K [0x00000000c2c00000, 0x0000000100000000)
  region size 1024K, 5 young (5120K), 1 survivors (1024K)
 Metaspace       used 10329K, committed 10560K, reserved 1064960K
  class space    used 1383K, committed 1536K, reserved 1048576K
}
Event: 1.998 GC heap after
{Heap after GC invocations=10 (full 0):
 garbage-first heap   total 68608K, used 36764K [0x00000000c2c00000, 0x0000000100000000)
  region size 1024K, 1 young (1024K), 1 survivors (1024K)
 Metaspace       used 10329K, committed 10560K, reserved 1064960K
  class space    used 1383K, committed 1536K, reserved 1048576K
}
Event: 2.026 GC heap before
{Heap before GC invocations=11 (full 0):
 garbage-first heap   total 70656K, used 40860K [0x00000000c2c00000, 0x0000000100000000)
  region size 1024K, 2 young (2048K), 1 survivors (1024K)
 Metaspace       used 10353K, committed 10624K, reserved 1064960K
  class space    used 1387K, committed 1536K, reserved 1048576K
}
Event: 2.028 GC heap after
{Heap after GC invocations=12 (full 0):
 garbage-first heap   total 70656K, used 39875K [0x00000000c2c00000, 0x0000000100000000)
  region size 1024K, 1 young (1024K), 1 survivors (1024K)
 Metaspace       used 10353K, committed 10624K, reserved 1064960K
  class space    used 1387K, committed 1536K, reserved 1048576K
}
Event: 2.206 GC heap before
{Heap before GC invocations=13 (full 0):
 garbage-first heap   total 75776K, used 48067K [0x00000000c2c00000, 0x0000000100000000)
  region size 1024K, 5 young (5120K), 1 survivors (1024K)
 Metaspace       used 10631K, committed 10880K, reserved 1064960K
  class space    used 1416K, committed 1536K, reserved 1048576K
}
Event: 2.208 GC heap after
{Heap after GC invocations=14 (full 0):
 garbage-first heap   total 75776K, used 43539K [0x00000000c2c00000, 0x0000000100000000)
  region size 1024K, 1 young (1024K), 1 survivors (1024K)
 Metaspace       used 10631K, committed 10880K, reserved 1064960K
  class space    used 1416K, committed 1536K, reserved 1048576K
}
Event: 2.238 GC heap before
{Heap before GC invocations=15 (full 0):
 garbage-first heap   total 81920K, used 49683K [0x00000000c2c00000, 0x0000000100000000)
  region size 1024K, 2 young (2048K), 1 survivors (1024K)
 Metaspace       used 10648K, committed 10880K, reserved 1064960K
  class space    used 1417K, committed 1536K, reserved 1048576K
}
Event: 2.241 GC heap after
{Heap after GC invocations=16 (full 0):
 garbage-first heap   total 81920K, used 47678K [0x00000000c2c00000, 0x0000000100000000)
  region size 1024K, 1 young (1024K), 1 survivors (1024K)
 Metaspace       used 10648K, committed 10880K, reserved 1064960K
  class space    used 1417K, committed 1536K, reserved 1048576K
}
Event: 2.267 GC heap before
{Heap before GC invocations=17 (full 0):
 garbage-first heap   total 89088K, used 51774K [0x00000000c2c00000, 0x0000000100000000)
  region size 1024K, 2 young (2048K), 1 survivors (1024K)
 Metaspace       used 10652K, committed 10880K, reserved 1064960K
  class space    used 1417K, committed 1536K, reserved 1048576K
}
Event: 2.269 GC heap after
{Heap after GC invocations=18 (full 0):
 garbage-first heap   total 89088K, used 50726K [0x00000000c2c00000, 0x0000000100000000)
  region size 1024K, 1 young (1024K), 1 survivors (1024K)
 Metaspace       used 10652K, committed 10880K, reserved 1064960K
  class space    used 1417K, committed 1536K, reserved 1048576K
}
Event: 2.298 GC heap before
{Heap before GC invocations=19 (full 0):
 garbage-first heap   total 96256K, used 56870K [0x00000000c2c00000, 0x0000000100000000)
  region size 1024K, 2 young (2048K), 1 survivors (1024K)
 Metaspace       used 10663K, committed 10944K, reserved 1064960K
  class space    used 1418K, committed 1536K, reserved 1048576K
}
Event: 2.300 GC heap after
{Heap after GC invocations=20 (full 0):
 garbage-first heap   total 96256K, used 54889K [0x00000000c2c00000, 0x0000000100000000)
  region size 1024K, 1 young (1024K), 1 survivors (1024K)
 Metaspace       used 10663K, committed 10944K, reserved 1064960K
  class space    used 1418K, committed 1536K, reserved 1048576K
}
Event: 2.637 GC heap before
{Heap before GC invocations=21 (full 0):
 garbage-first heap   total 97280K, used 66153K [0x00000000c2c00000, 0x0000000100000000)
  region size 1024K, 11 young (11264K), 1 survivors (1024K)
 Metaspace       used 11923K, committed 12224K, reserved 1064960K
  class space    used 1642K, committed 1792K, reserved 1048576K
}

